<?xml version="1.0" encoding="UTF-8"?>
<robot generator="Robot 7.0.1 (Python 3.12.7 on win32)" generated="2024-10-10T10:17:24.255823" rpa="false" schemaversion="5">
<suite id="s1" name="Amazon Teste" source="c:\Users\LowCost\Documents\TestesAutomatizados_amazon\testes\amazon_teste.robot">
<test id="s1-t1" name="Processo completo de pesquisa e compra de diversos itens no site da Amazon" line="21">
<kw name="Dado que eu acesse a Amazon" owner="setup_teardown" type="SETUP">
<kw name="Open Browser" owner="SeleniumLibrary">
<msg time="2024-10-10T10:17:24.837962" level="INFO">Opening browser 'Edge' to base url 'https://www.amazon.com.br/?tag=msndesktopabk-20&amp;ref=pd_sl_7to86bd2ph_e&amp;adgrpid=1141293728081284&amp;hvadid=71331024009172&amp;hvnetw=o&amp;hvqmt=e&amp;hvbmt=be&amp;hvdev=c&amp;hvlocint=&amp;hvlocphy=116068&amp;hvtargid=kwd-71331371436168:loc-20&amp;hydadcr=26346_11690411'.</msg>
<arg>url=https://www.amazon.com.br/?tag=msndesktopabk-20&amp;ref=pd_sl_7to86bd2ph_e&amp;adgrpid=1141293728081284&amp;hvadid=71331024009172&amp;hvnetw=o&amp;hvqmt=e&amp;hvbmt=be&amp;hvdev=c&amp;hvlocint=&amp;hvlocphy=116068&amp;hvtargid=kwd-71331371436168:loc-20&amp;hydadcr=26346_11690411</arg>
<arg>browser=Edge</arg>
<doc>Opens a new browser instance to the optional ``url``.</doc>
<status status="PASS" start="2024-10-10T10:17:24.836968" elapsed="2.489565"/>
</kw>
<kw name="Maximize Browser Window" owner="SeleniumLibrary">
<doc>Maximizes current browser window.</doc>
<status status="PASS" start="2024-10-10T10:17:27.327033" elapsed="0.049331"/>
</kw>
<kw name="Execute Javascript" owner="SeleniumLibrary">
<msg time="2024-10-10T10:17:27.378845" level="INFO">Executing JavaScript:
document.body.style.zoom = "0.8"
Without any arguments.</msg>
<arg>document.body.style.zoom = "0.8"</arg>
<doc>Executes the given JavaScript code with possible arguments.</doc>
<status status="PASS" start="2024-10-10T10:17:27.376364" elapsed="0.169147"/>
</kw>
<kw name="Sleep" owner="BuiltIn">
<msg time="2024-10-10T10:17:32.545868" level="INFO">Slept 5 seconds.</msg>
<arg>5s</arg>
<doc>Pauses the test executed for the given time.</doc>
<status status="PASS" start="2024-10-10T10:17:27.545511" elapsed="5.000357"/>
</kw>
<status status="PASS" start="2024-10-10T10:17:24.834980" elapsed="7.711768"/>
</kw>
<kw name="Quando acessar o menu de &quot;Venda na Amazon&quot;" owner="amazon_resource">
<kw name="Click Element" owner="SeleniumLibrary">
<msg time="2024-10-10T10:17:32.549970" level="INFO">Clicking element '//a[@href='/gp/bestsellers/?ref_=nav_cs_bestsellers'][contains(.,'Mais Vendidos')]'.</msg>
<arg>${Mais-vendidos}</arg>
<doc>Click the element identified by ``locator``.</doc>
<status status="PASS" start="2024-10-10T10:17:32.548914" elapsed="1.316862"/>
</kw>
<status status="PASS" start="2024-10-10T10:17:32.547616" elapsed="1.318160"/>
</kw>
<kw name="E deverá escolher os produtos eletronicos" owner="amazon_resource">
<kw name="Click Element" owner="SeleniumLibrary">
<msg time="2024-10-10T10:17:33.868084" level="INFO">Clicking element '//a[@href='/gp/bestsellers/electronics/ref=zg_bs_nav_electronics_0'][contains(.,'Eletrônicos')]'.</msg>
<arg>${Eletronicos}</arg>
<doc>Click the element identified by ``locator``.</doc>
<status status="PASS" start="2024-10-10T10:17:33.867153" elapsed="1.744422"/>
</kw>
<status status="PASS" start="2024-10-10T10:17:33.866653" elapsed="1.744922"/>
</kw>
<kw name="Então deverá escolher o primeiro produto da página" owner="amazon_resource">
<kw name="Click Element" owner="SeleniumLibrary">
<msg time="2024-10-10T10:17:35.614970" level="INFO">Clicking element '(//div[contains(@class,'a-section a-spacing-mini _cDEzb_noop_3Xbw5')])[1]'.</msg>
<arg>${Produto}</arg>
<doc>Click the element identified by ``locator``.</doc>
<status status="PASS" start="2024-10-10T10:17:35.614452" elapsed="9.339815"/>
</kw>
<kw name="Sleep" owner="BuiltIn">
<msg time="2024-10-10T10:17:46.954805" level="INFO">Slept 2 seconds.</msg>
<arg>2s</arg>
<doc>Pauses the test executed for the given time.</doc>
<status status="PASS" start="2024-10-10T10:17:44.954768" elapsed="2.000037"/>
</kw>
<status status="PASS" start="2024-10-10T10:17:35.613126" elapsed="11.341679"/>
</kw>
<kw name="E deverá selecionar a opção de &quot;adicionar ao carrinho&quot;" owner="amazon_resource">
<kw name="Click Element" owner="SeleniumLibrary">
<msg time="2024-10-10T10:17:46.955808" level="INFO">Clicking element '//input[contains(@name,'submit.add-to-cart')]'.</msg>
<arg>${Carrinho-adicionar}</arg>
<doc>Click the element identified by ``locator``.</doc>
<status status="PASS" start="2024-10-10T10:17:46.955808" elapsed="0.192148"/>
</kw>
<kw name="Sleep" owner="BuiltIn">
<msg time="2024-10-10T10:17:49.149341" level="INFO">Slept 2 seconds.</msg>
<arg>2s</arg>
<doc>Pauses the test executed for the given time.</doc>
<status status="PASS" start="2024-10-10T10:17:47.148958" elapsed="2.000383"/>
</kw>
<status status="PASS" start="2024-10-10T10:17:46.955808" elapsed="2.194488"/>
</kw>
<kw name="E deverá fechar a oferta adicional" owner="amazon_resource">
<kw name="Click Element" owner="SeleniumLibrary">
<msg time="2024-10-10T10:17:49.152783" level="INFO">Clicking element '//button[contains(@data-action,'a-popover-close')]'.</msg>
<arg>${Recusa-oferta-adicional}</arg>
<doc>Click the element identified by ``locator``.</doc>
<status status="PASS" start="2024-10-10T10:17:49.152783" elapsed="1.052576"/>
</kw>
<status status="PASS" start="2024-10-10T10:17:49.152360" elapsed="1.054042"/>
</kw>
<kw name="Quando acessar o menu de &quot;Venda na Amazon&quot;" owner="amazon_resource">
<kw name="Click Element" owner="SeleniumLibrary">
<msg time="2024-10-10T10:17:50.210375" level="INFO">Clicking element '//a[@href='/gp/bestsellers/?ref_=nav_cs_bestsellers'][contains(.,'Mais Vendidos')]'.</msg>
<arg>${Mais-vendidos}</arg>
<doc>Click the element identified by ``locator``.</doc>
<status status="PASS" start="2024-10-10T10:17:50.209797" elapsed="1.039440"/>
</kw>
<status status="PASS" start="2024-10-10T10:17:50.207400" elapsed="1.041837"/>
</kw>
<kw name="E deverá escolher os produtos de cozinha" owner="amazon_resource">
<kw name="Click Element" owner="SeleniumLibrary">
<msg time="2024-10-10T10:17:51.250855" level="INFO">Clicking element '//a[contains(.,'Cozinha')]'.</msg>
<arg>${Cozinha}</arg>
<doc>Click the element identified by ``locator``.</doc>
<status status="PASS" start="2024-10-10T10:17:51.250855" elapsed="1.675232"/>
</kw>
<kw name="Sleep" owner="BuiltIn">
<msg time="2024-10-10T10:17:54.927137" level="INFO">Slept 2 seconds.</msg>
<arg>2s</arg>
<doc>Pauses the test executed for the given time.</doc>
<status status="PASS" start="2024-10-10T10:17:52.926748" elapsed="2.000389"/>
</kw>
<status status="PASS" start="2024-10-10T10:17:51.250242" elapsed="3.676895"/>
</kw>
<kw name="Então deverá escolher o primeiro produto da página cozinha" owner="amazon_resource">
<kw name="Click Element" owner="SeleniumLibrary">
<msg time="2024-10-10T10:17:54.930060" level="INFO">Clicking element '(//div[contains(@class,'_cDEzb_iveVideoWrapper_JJ34T has-ive-video')])[1]'.</msg>
<arg>${Produto-cozinha}</arg>
<doc>Click the element identified by ``locator``.</doc>
<status status="PASS" start="2024-10-10T10:17:54.929379" elapsed="3.084045"/>
</kw>
<status status="PASS" start="2024-10-10T10:17:54.928141" elapsed="3.085783"/>
</kw>
<kw name="E deverá selecionar a opção de &quot;adicionar ao carrinho&quot;" owner="amazon_resource">
<kw name="Click Element" owner="SeleniumLibrary">
<msg time="2024-10-10T10:17:58.015988" level="INFO">Clicking element '//input[contains(@name,'submit.add-to-cart')]'.</msg>
<arg>${Carrinho-adicionar}</arg>
<doc>Click the element identified by ``locator``.</doc>
<status status="PASS" start="2024-10-10T10:17:58.015488" elapsed="1.657287"/>
</kw>
<kw name="Sleep" owner="BuiltIn">
<msg time="2024-10-10T10:18:01.673124" level="INFO">Slept 2 seconds.</msg>
<arg>2s</arg>
<doc>Pauses the test executed for the given time.</doc>
<status status="PASS" start="2024-10-10T10:17:59.672775" elapsed="2.000349"/>
</kw>
<status status="PASS" start="2024-10-10T10:17:58.014924" elapsed="3.658200"/>
</kw>
<kw name="Quando acessar o menu de &quot;Venda na Amazon&quot;" owner="amazon_resource">
<kw name="Click Element" owner="SeleniumLibrary">
<msg time="2024-10-10T10:18:01.674772" level="INFO">Clicking element '//a[@href='/gp/bestsellers/?ref_=nav_cs_bestsellers'][contains(.,'Mais Vendidos')]'.</msg>
<arg>${Mais-vendidos}</arg>
<doc>Click the element identified by ``locator``.</doc>
<status status="PASS" start="2024-10-10T10:18:01.674772" elapsed="0.961224"/>
</kw>
<status status="PASS" start="2024-10-10T10:18:01.674051" elapsed="0.961945"/>
</kw>
<kw name="E deverá escolher os produtos de casa" owner="amazon_resource">
<kw name="Click Element" owner="SeleniumLibrary">
<msg time="2024-10-10T10:18:02.637995" level="INFO">Clicking element '//a[@href='/gp/bestsellers/home/ref=zg_bs_nav_home_0'][contains(.,'Casa')]'.</msg>
<arg>${Casa}</arg>
<doc>Click the element identified by ``locator``.</doc>
<status status="PASS" start="2024-10-10T10:18:02.636994" elapsed="1.729438"/>
</kw>
<kw name="Sleep" owner="BuiltIn">
<msg time="2024-10-10T10:18:05.368328" level="INFO">Slept 1 second.</msg>
<arg>1s</arg>
<doc>Pauses the test executed for the given time.</doc>
<status status="PASS" start="2024-10-10T10:18:04.366432" elapsed="1.001896"/>
</kw>
<status status="PASS" start="2024-10-10T10:18:02.636994" elapsed="2.731334"/>
</kw>
<kw name="E deverá escolher o primeiro produto da aba casa" owner="amazon_resource">
<kw name="Click Element" owner="SeleniumLibrary">
<msg time="2024-10-10T10:18:05.371398" level="INFO">Clicking element '(//div[contains(@id,'gridItemRoot')])[1]'.</msg>
<arg>${Produto-casa}</arg>
<doc>Click the element identified by ``locator``.</doc>
<status status="PASS" start="2024-10-10T10:18:05.370353" elapsed="2.724675"/>
</kw>
<status status="PASS" start="2024-10-10T10:18:05.369500" elapsed="2.725528"/>
</kw>
<kw name="E deverá selecionar a opção de &quot;adicionar ao carrinho&quot;" owner="amazon_resource">
<kw name="Click Element" owner="SeleniumLibrary">
<msg time="2024-10-10T10:18:08.096618" level="INFO">Clicking element '//input[contains(@name,'submit.add-to-cart')]'.</msg>
<arg>${Carrinho-adicionar}</arg>
<doc>Click the element identified by ``locator``.</doc>
<status status="PASS" start="2024-10-10T10:18:08.096618" elapsed="1.270569"/>
</kw>
<kw name="Sleep" owner="BuiltIn">
<msg time="2024-10-10T10:18:11.367436" level="INFO">Slept 2 seconds.</msg>
<arg>2s</arg>
<doc>Pauses the test executed for the given time.</doc>
<status status="PASS" start="2024-10-10T10:18:09.367187" elapsed="2.000249"/>
</kw>
<status status="PASS" start="2024-10-10T10:18:08.096393" elapsed="3.271043"/>
</kw>
<kw name="E deverá ir para a aba de carrinho" owner="amazon_resource">
<kw name="Click Element" owner="SeleniumLibrary">
<msg time="2024-10-10T10:18:11.369496" level="INFO">Clicking element '//a[@href='/cart?ref_=sw_gtc'][contains(.,'Ir para o carrinho')]'.</msg>
<arg>${Carrinho-pos-compra}</arg>
<doc>Click the element identified by ``locator``.</doc>
<status status="PASS" start="2024-10-10T10:18:11.369496" elapsed="1.019957"/>
</kw>
<status status="PASS" start="2024-10-10T10:18:11.368996" elapsed="1.020958"/>
</kw>
<kw name="E deverá excluir um item do carrinho" owner="amazon_resource">
<kw name="Click Element" owner="SeleniumLibrary">
<msg time="2024-10-10T10:18:12.391775" level="INFO">Clicking element '(//input[contains(@value,'Excluir')])[1]'.</msg>
<arg>${Excluir-item-carrinho}</arg>
<doc>Click the element identified by ``locator``.</doc>
<status status="PASS" start="2024-10-10T10:18:12.391141" elapsed="0.124839"/>
</kw>
<status status="PASS" start="2024-10-10T10:18:12.390292" elapsed="0.126686"/>
</kw>
<kw name="E verificar se o item foi excluido" owner="amazon_resource">
<kw name="Element Should Be Visible" owner="SeleniumLibrary">
<msg time="2024-10-10T10:18:12.576183" level="INFO">Element '(//div[contains(@class,'a-padding-medium')])[1]' is displayed.</msg>
<arg>${Item-excluido}</arg>
<doc>Verifies that the element identified by ``locator`` is visible.</doc>
<status status="PASS" start="2024-10-10T10:18:12.517976" elapsed="0.058207"/>
</kw>
<kw name="Sleep" owner="BuiltIn">
<msg time="2024-10-10T10:18:15.577344" level="INFO">Slept 3 seconds.</msg>
<arg>3s</arg>
<doc>Pauses the test executed for the given time.</doc>
<status status="PASS" start="2024-10-10T10:18:12.576183" elapsed="3.001161"/>
</kw>
<status status="PASS" start="2024-10-10T10:18:12.516978" elapsed="3.060366"/>
</kw>
<kw name="E deverá finalizar o processo selecionando a aopção de &quot;Fechar pedido&quot;" owner="amazon_resource">
<kw name="Click Element" owner="SeleniumLibrary">
<msg time="2024-10-10T10:18:15.579513" level="INFO">Clicking element '(//input[contains(@class,'a-button-input')])[1]'.</msg>
<arg>${Botao-finalizar}</arg>
<doc>Click the element identified by ``locator``.</doc>
<status status="PASS" start="2024-10-10T10:18:15.579513" elapsed="0.051251"/>
</kw>
<kw name="Sleep" owner="BuiltIn">
<msg time="2024-10-10T10:18:20.632199" level="INFO">Slept 5 seconds.</msg>
<arg>5s</arg>
<doc>Pauses the test executed for the given time.</doc>
<status status="PASS" start="2024-10-10T10:18:15.630764" elapsed="5.001435"/>
</kw>
<status status="PASS" start="2024-10-10T10:18:15.578520" elapsed="5.053679"/>
</kw>
<kw name="Fechar o navegador" owner="setup_teardown" type="TEARDOWN">
<kw name="Close Browser" owner="SeleniumLibrary">
<doc>Closes the current browser.</doc>
<status status="PASS" start="2024-10-10T10:18:20.634198" elapsed="2.249987"/>
</kw>
<status status="PASS" start="2024-10-10T10:18:20.633255" elapsed="2.250930"/>
</kw>
<status status="PASS" start="2024-10-10T10:17:24.832964" elapsed="58.052336"/>
</test>
<status status="PASS" start="2024-10-10T10:17:24.260823" elapsed="58.627366"/>
</suite>
<statistics>
<total>
<stat pass="1" fail="0" skip="0">All Tests</stat>
</total>
<tag>
</tag>
<suite>
<stat pass="1" fail="0" skip="0" id="s1" name="Amazon Teste">Amazon Teste</stat>
</suite>
</statistics>
<errors>
<msg time="2024-10-10T10:17:24.809843" level="ERROR">Error in file 'c:\Users\LowCost\Documents\TestesAutomatizados_amazon\pages\amazon_resource.robot' on line 3: Setting 'Test Setup' is not allowed in resource file.</msg>
<msg time="2024-10-10T10:17:24.811844" level="ERROR">Error in file 'c:\Users\LowCost\Documents\TestesAutomatizados_amazon\pages\amazon_resource.robot' on line 4: Setting 'Test Teardown' is not allowed in resource file.</msg>
</errors>
</robot>
